<?xml version="1.0" encoding="UTF-8"?>
<testng-results skipped="0" failed="0" ignored="1" total="2" passed="1">
  <reporter-output>
  </reporter-output>
  <suite name="Default suite" duration-ms="6472" started-at="2021-07-29T16:41:08 UTC" finished-at="2021-07-29T16:41:14 UTC">
    <groups>
    </groups>
    <test name="Default test" duration-ms="6472" started-at="2021-07-29T16:41:08 UTC" finished-at="2021-07-29T16:41:14 UTC">
      <class name="test.LoginTest">
        <test-method status="PASS" signature="setup()[pri:0, instance:test.LoginTest@32d2fa64]" name="setup" is-config="true" duration-ms="3227" started-at="2021-07-29T16:41:08 UTC" finished-at="2021-07-29T16:41:11 UTC">
          <reporter-output>
          </reporter-output>
        </test-method> <!-- setup -->
        <test-method status="PASS" signature="LoginTst2()[pri:0, instance:test.LoginTest@32d2fa64]" name="LoginTst2" duration-ms="2824" started-at="2021-07-29T16:41:11 UTC" finished-at="2021-07-29T16:41:14 UTC">
          <reporter-output>
          </reporter-output>
        </test-method> <!-- LoginTst2 -->
        <test-method status="PASS" signature="teardown()[pri:0, instance:test.LoginTest@32d2fa64]" name="teardown" is-config="true" duration-ms="377" started-at="2021-07-29T16:41:14 UTC" finished-at="2021-07-29T16:41:14 UTC">
          <reporter-output>
          </reporter-output>
        </test-method> <!-- teardown -->
      </class> <!-- test.LoginTest -->
    </test> <!-- Default test -->
  </suite> <!-- Default suite -->
</testng-results>
